<?xml version="1.0" encoding="UTF-8"?>
<!-- Generated by org.testng.reporters.JUnitXMLReporter -->
<testsuite ignored="0" hostname="Abhishek" failures="0" tests="4" name="Test" time="3.736" errors="0" timestamp="2024-01-27T14:49:38 IST">
  <testcase classname="Day8.CreateUser" name="testCreateUser" time="2.674"/>
  <testcase classname="Day8.GetUser" name="testGetUser" time="0.33"/>
  <testcase classname="Day8.UpdateUser" name="testUpdateUser" time="0.36"/>
  <testcase classname="Day8.DeleteUser" name="testDeleteUser" time="0.331"/>
</testsuite> <!-- Test -->
