<?xml version="1.0" encoding="UTF-8"?>
<testng-results ignored="0" total="4" passed="4" failed="0" skipped="0">
  <reporter-output>
  </reporter-output>
  <suite started-at="2024-01-27T14:49:34 IST" name="Suite" finished-at="2024-01-27T14:49:38 IST" duration-ms="3736">
    <groups>
    </groups>
    <test started-at="2024-01-27T14:49:34 IST" name="Test" finished-at="2024-01-27T14:49:38 IST" duration-ms="3736">
      <class name="Day8.UpdateUser">
        <test-method signature="testUpdateUser(org.testng.ITestContext)[pri:0, instance:Day8.UpdateUser@5876a9af]" started-at="2024-01-27T14:49:37 IST" name="testUpdateUser" finished-at="2024-01-27T14:49:38 IST" duration-ms="360" status="PASS">
          <params>
            <param index="0">
              <value>
                <![CDATA[org.testng.TestRunner@394df057]]>
              </value>
            </param>
          </params>
          <reporter-output>
          </reporter-output>
        </test-method> <!-- testUpdateUser -->
      </class> <!-- Day8.UpdateUser -->
      <class name="Day8.GetUser">
        <test-method signature="testGetUser(org.testng.ITestContext)[pri:0, instance:Day8.GetUser@59309333]" started-at="2024-01-27T14:49:37 IST" name="testGetUser" finished-at="2024-01-27T14:49:37 IST" duration-ms="330" status="PASS">
          <params>
            <param index="0">
              <value>
                <![CDATA[org.testng.TestRunner@394df057]]>
              </value>
            </param>
          </params>
          <reporter-output>
          </reporter-output>
        </test-method> <!-- testGetUser -->
      </class> <!-- Day8.GetUser -->
      <class name="Day8.DeleteUser">
        <test-method signature="testDeleteUser(org.testng.ITestContext)[pri:0, instance:Day8.DeleteUser@7ec7ffd3]" started-at="2024-01-27T14:49:38 IST" name="testDeleteUser" finished-at="2024-01-27T14:49:38 IST" duration-ms="331" status="PASS">
          <params>
            <param index="0">
              <value>
                <![CDATA[org.testng.TestRunner@394df057]]>
              </value>
            </param>
          </params>
          <reporter-output>
          </reporter-output>
        </test-method> <!-- testDeleteUser -->
      </class> <!-- Day8.DeleteUser -->
      <class name="Day8.CreateUser">
        <test-method signature="testCreateUser(org.testng.ITestContext)[pri:0, instance:Day8.CreateUser@4fb0f2b9]" started-at="2024-01-27T14:49:34 IST" name="testCreateUser" finished-at="2024-01-27T14:49:37 IST" duration-ms="2674" status="PASS">
          <params>
            <param index="0">
              <value>
                <![CDATA[org.testng.TestRunner@394df057]]>
              </value>
            </param>
          </params>
          <reporter-output>
          </reporter-output>
        </test-method> <!-- testCreateUser -->
      </class> <!-- Day8.CreateUser -->
    </test> <!-- Test -->
  </suite> <!-- Suite -->
</testng-results>
